# JRE version: OpenJDK Runtime Environment Corretto-17.0.10.7.1 (17.0.10+7) (build 17.0.10+7-LTS)
# Java VM: OpenJDK 64-Bit Server VM Corretto-17.0.10.7.1 (17.0.10+7-LTS, mixed mode, sharing, tiered, compressed oops, compressed class ptrs, g1 gc, windows-amd64)
GC Precious Log:
 CPUs: 8 total, 8 available
 Memory: 16167M
 Large Page Support: Disabled
 NUMA Support: Disabled
 Compressed Oops: Enabled (Zero based)
 Heap Region Size: 2M
 Heap Min Capacity: 8M
 Heap Initial Capacity: 254M
 Heap Max Capacity: 4042M
 Pre-touch: Disabled
 Parallel Workers: 8
 Concurrent Workers: 2
 Concurrent Refinement Workers: 8
 Periodic GC: Disabled
Heap:
 garbage-first heap   total 122880K, used 47897K [0x0000000703600000, 0x0000000800000000)
  region size 2048K, 4 young (8192K), 1 survivors (2048K)
 Metaspace       used 27480K, committed 27776K, reserved 1114112K
  class space    used 2966K, committed 3136K, reserved 1048576K
GC Heap History (12 events):
Event: 0.417 GC heap before
{Heap before GC invocations=0 (full 0):
 garbage-first heap   total 260096K, used 20480K [0x0000000703600000, 0x0000000800000000)
  region size 2048K, 11 young (22528K), 0 survivors (0K)
 Metaspace       used 5023K, committed 5248K, reserved 1114112K
  class space    used 480K, committed 576K, reserved 1048576K
}
Event: 0.419 GC heap after
{Heap after GC invocations=1 (full 0):
 garbage-first heap   total 260096K, used 6978K [0x0000000703600000, 0x0000000800000000)
  region size 2048K, 2 young (4096K), 2 survivors (4096K)
 Metaspace       used 5023K, committed 5248K, reserved 1114112K
  class space    used 480K, committed 576K, reserved 1048576K
}
Event: 0.827 GC heap before
{Heap before GC invocations=1 (full 0):
 garbage-first heap   total 260096K, used 31554K [0x0000000703600000, 0x0000000800000000)
  region size 2048K, 14 young (28672K), 2 survivors (4096K)
 Metaspace       used 8428K, committed 8576K, reserved 1114112K
  class space    used 767K, committed 832K, reserved 1048576K
}
Event: 0.832 GC heap after
{Heap after GC invocations=2 (full 0):
 garbage-first heap   total 260096K, used 11732K [0x0000000703600000, 0x0000000800000000)
  region size 2048K, 2 young (4096K), 2 survivors (4096K)
 Metaspace       used 8428K, committed 8576K, reserved 1114112K
  class space    used 767K, committed 832K, reserved 1048576K
}
Event: 1.434 GC heap before
{Heap before GC invocations=2 (full 0):
 garbage-first heap   total 260096K, used 91604K [0x0000000703600000, 0x0000000800000000)
  region size 2048K, 41 young (83968K), 2 survivors (4096K)
 Metaspace       used 14594K, committed 14784K, reserved 1114112K
  class space    used 1325K, committed 1408K, reserved 1048576K
}
Event: 1.441 GC heap after
{Heap after GC invocations=3 (full 0):
 garbage-first heap   total 260096K, used 23270K [0x0000000703600000, 0x0000000800000000)
  region size 2048K, 6 young (12288K), 6 survivors (12288K)
 Metaspace       used 14594K, committed 14784K, reserved 1114112K
  class space    used 1325K, committed 1408K, reserved 1048576K
}
Event: 2.124 GC heap before
{Heap before GC invocations=3 (full 0):
 garbage-first heap   total 260096K, used 99046K [0x0000000703600000, 0x0000000800000000)
  region size 2048K, 44 young (90112K), 6 survivors (12288K)
 Metaspace       used 21316K, committed 21504K, reserved 1114112K
  class space    used 2146K, committed 2240K, reserved 1048576K
}
Event: 2.133 GC heap after
{Heap after GC invocations=4 (full 0):
 garbage-first heap   total 260096K, used 32733K [0x0000000703600000, 0x0000000800000000)
  region size 2048K, 5 young (10240K), 5 survivors (10240K)
 Metaspace       used 21316K, committed 21504K, reserved 1114112K
  class space    used 2146K, committed 2240K, reserved 1048576K
}
Event: 2.701 GC heap before
{Heap before GC invocations=5 (full 0):
 garbage-first heap   total 122880K, used 90077K [0x0000000703600000, 0x0000000800000000)
  region size 2048K, 34 young (69632K), 5 survivors (10240K)
 Metaspace       used 26752K, committed 27136K, reserved 1114112K
  class space    used 2845K, committed 3008K, reserved 1048576K
}
Event: 2.710 GC heap after
{Heap after GC invocations=6 (full 0):
 garbage-first heap   total 122880K, used 42916K [0x0000000703600000, 0x0000000800000000)
  region size 2048K, 5 young (10240K), 5 survivors (10240K)
 Metaspace       used 26752K, committed 27136K, reserved 1114112K
  class space    used 2845K, committed 3008K, reserved 1048576K
}
Event: 3.428 GC heap before
{Heap before GC invocations=6 (full 0):
 garbage-first heap   total 122880K, used 44964K [0x0000000703600000, 0x0000000800000000)
  region size 2048K, 6 young (12288K), 5 survivors (10240K)
 Metaspace       used 27273K, committed 27648K, reserved 1114112K
  class space    used 2936K, committed 3136K, reserved 1048576K
}
Event: 3.435 GC heap after
{Heap after GC invocations=7 (full 0):
 garbage-first heap   total 122880K, used 43801K [0x0000000703600000, 0x0000000800000000)
  region size 2048K, 1 young (2048K), 1 survivors (2048K)
 Metaspace       used 27273K, committed 27648K, reserved 1114112K
  class space    used 2936K, committed 3136K, reserved 1048576K
}

